<?xml version="1.0" encoding="UTF-8"?>
<!-- Generated by org.testng.reporters.JUnitReportReporter -->
<testsuite hostname="DESKTOP-M875BMH" failures="0" tests="6" name="testNG.TestPriority" time="0.030" errors="0" timestamp="2022-12-01T13:09:14 IST" skipped="0">
  <testcase classname="testNG.TestPriority" name="Guava" time="0.006"/>
  <system-out/>
  <testcase classname="testNG.TestPriority" name="Orange" time="0.002"/>
  <system-out/>
  <testcase classname="testNG.TestPriority" name="Mango" time="0.002"/>
  <system-out/>
  <testcase classname="testNG.TestPriority" name="Strawberry" time="0.006"/>
  <system-out/>
  <testcase classname="testNG.TestPriority" name="Apple" time="0.011"/>
  <system-out/>
  <testcase classname="testNG.TestPriority" name="Banana" time="0.003"/>
  <system-out/>
</testsuite> <!-- testNG.TestPriority -->
