<?xml version="1.0" encoding="UTF-8"?>
<!-- Generated by org.testng.reporters.JUnitReportReporter -->
<testsuite hostname="DESKTOP-M875BMH" failures="0" tests="5" name="testNG.Account" time="0.039" errors="0" timestamp="2022-12-02T09:11:16 IST" skipped="0">
  <testcase classname="testNG.Account" name="AccountVerification" time="0.004"/>
  <system-out/>
  <testcase classname="testNG.Account" name="AccountDeletion" time="0.002"/>
  <system-out/>
  <testcase classname="testNG.Account" name="AccountCreation" time="0.022"/>
  <system-out/>
  <testcase classname="testNG.Account" name="AccountUpdation" time="0.005"/>
  <system-out/>
  <testcase classname="testNG.Account" name="AccountManipulation" time="0.006"/>
  <system-out/>
</testsuite> <!-- testNG.Account -->
