<?xml version="1.0" encoding="UTF-8"?>
<!-- Generated by org.testng.reporters.JUnitReportReporter -->
<testsuite hostname="DESKTOP-M875BMH" failures="0" tests="1" name="testNG.NewTest" time="0.017" errors="0" timestamp="2022-12-01T12:25:30 IST" skipped="0">
  <testcase classname="testNG.NewTest" name="test" time="0.017"/>
  <system-out/>
</testsuite> <!-- testNG.NewTest -->
