<?xml version="1.0" encoding="UTF-8"?>
<!-- Generated by org.testng.reporters.JUnitReportReporter -->
<testsuite hostname="DESKTOP-M875BMH" failures="0" tests="6" name="testNG.Fruits" time="0.040" errors="0" timestamp="2022-12-01T12:29:46 IST" skipped="0">
  <testcase classname="testNG.Fruits" name="Orange" time="0.003"/>
  <system-out/>
  <testcase classname="testNG.Fruits" name="Guava" time="0.008"/>
  <system-out/>
  <testcase classname="testNG.Fruits" name="Banana" time="0.003"/>
  <system-out/>
  <testcase classname="testNG.Fruits" name="Strawberry" time="0.002"/>
  <system-out/>
  <testcase classname="testNG.Fruits" name="Apple" time="0.021"/>
  <system-out/>
  <testcase classname="testNG.Fruits" name="Mango" time="0.003"/>
  <system-out/>
</testsuite> <!-- testNG.Fruits -->
