<?xml version="1.0" encoding="UTF-8"?>
<!-- Generated by org.testng.reporters.JUnitReportReporter -->
<testsuite hostname="DESKTOP-M875BMH" failures="0" tests="5" name="testNG.DependsOnMethods" time="0.049" errors="0" timestamp="2022-12-01T12:57:32 IST" skipped="0">
  <testcase classname="testNG.DependsOnMethods" name="AccountVerification" time="0.006"/>
  <system-out/>
  <testcase classname="testNG.DependsOnMethods" name="AccountDeletion" time="0.005"/>
  <system-out/>
  <testcase classname="testNG.DependsOnMethods" name="AccountCreation" time="0.020"/>
  <system-out/>
  <testcase classname="testNG.DependsOnMethods" name="AccountUpdation" time="0.008"/>
  <system-out/>
  <testcase classname="testNG.DependsOnMethods" name="AccountManipulation" time="0.010"/>
  <system-out/>
</testsuite> <!-- testNG.DependsOnMethods -->
