<?xml version="1.0" encoding="UTF-8"?>
<!-- Generated by org.testng.reporters.JUnitReportReporter -->
<testsuite hostname="DESKTOP-M875BMH" failures="0" tests="1" name="testNG.Framework" time="40.569" errors="0" timestamp="2022-12-01T08:12:22 IST" skipped="0">
  <testcase classname="testNG.Framework" name="f" time="40.569"/>
  <system-out/>
</testsuite> <!-- testNG.Framework -->
