<?xml version="1.0" encoding="UTF-8"?>
<!-- Generated by org.testng.reporters.JUnitReportReporter -->
<testsuite hostname="DESKTOP-M875BMH" failures="0" tests="1" name="testNG.Annotations" time="0.018" errors="0" timestamp="2022-12-01T08:44:20 IST" skipped="0">
  <testcase classname="testNG.Annotations" name="testCase" time="0.018"/>
  <system-out/>
</testsuite> <!-- testNG.Annotations -->
