<?xml version="1.0" encoding="UTF-8"?>
<!-- Generated by org.testng.reporters.JUnitReportReporter -->
<testsuite hostname="DESKTOP-0HCC1JU" name="utils.SampleReport" tests="1" failures="0" timestamp="19 Oct 2019 10:14:00 GMT" time="1.277" errors="0">
  <testcase name="reporting" time="1.277" classname="utils.SampleReport"/>
</testsuite> <!-- utils.SampleReport -->
